<?xml version="1.0" encoding="UTF-8"?>
<coverage generated="1630395674060" clover="3.2.0">
  <project timestamp="1630395674060" name="All files">
    <metrics statements="12" coveredstatements="10" conditionals="10" coveredconditionals="8" methods="1" coveredmethods="1" elements="23" coveredelements="19" complexity="0" loc="12" ncloc="12" packages="1" files="1" classes="1"/>
    <file name="index.js" path="/Users/ahmeterturk/Desktop/intro-to-jest/source/index.js">
      <metrics statements="12" coveredstatements="10" conditionals="10" coveredconditionals="8" methods="1" coveredmethods="1"/>
      <line num="2" count="6" type="cond" truecount="2" falsecount="0"/>
      <line num="3" count="2" type="stmt"/>
      <line num="6" count="4" type="cond" truecount="1" falsecount="1"/>
      <line num="7" count="0" type="stmt"/>
      <line num="10" count="4" type="cond" truecount="5" falsecount="1"/>
      <line num="11" count="0" type="stmt"/>
      <line num="14" count="4" type="stmt"/>
      <line num="15" count="4" type="stmt"/>
      <line num="16" count="5" type="stmt"/>
      <line num="18" count="4" type="stmt"/>
      <line num="21" count="1" type="stmt"/>
      <line num="23" count="1" type="stmt"/>
    </file>
  </project>
</coverage>
